<?xml version="1.0" encoding="UTF-8"?>
<testsuites name="Individual" time="57" tests="2" failures="1" errors="0">
   <testsuite name="Individual" tests="2" failures="1" errors="0" time="57" timestamp="2019-02-18 16:11:17" hostname="TECHOLUTION - DESKTOP-985PVAQ" id="Test Suites/Individual">
      <properties>
         <property name="deviceName" value=""/>
         <property name="devicePlatform" value=""/>
         <property name="logFolder" value="C:\\Users\\TECHOLUTION\\Desktop\\RRS Project\\10 th jan\\RRS\\Reports\\Individual\\20190218_161115"/>
         <property name="logFiles" value="C:\\Users\\TECHOLUTION\\Desktop\\RRS Project\\10 th jan\\RRS\\Reports\\Individual\\20190218_161115\\execution0.log"/>
         <property name="attachments" value="C:\\Users\\TECHOLUTION\\Desktop\\RRS Project\\10 th jan\\RRS\\Reports\\Individual\\20190218_161115\\1550486531256.png"/>
         <property name="hostName" value="TECHOLUTION - DESKTOP-985PVAQ"/>
         <property name="os" value="Windows 10 64bit"/>
         <property name="katalonVersion" value="5.10.1.1"/>
         <property name="browser" value="Chrome 72.0.3626.109"/>
         <property name="hostAddress" value="192.168.198.1"/>
         <property name="sessionId" value="aa2f03cb6fd080f80ca7946a974d7bb1"/>
         <property name="seleniumVersion" value="3.7.1"/>
         <property name="proxyInformation" value="ProxyInformation{proxyOption=NO_PROXY, proxyServerType=HTTP, password=, proxyServerAddress=, proxyServerPort=0}"/>
         <property name="platform" value="Windows 10"/>
      </properties>
      <testcase name="Test Cases/Login/Login with invalid credentials" classname="Test Cases/Login/Login with invalid credentials" status="PASSED">
         <system-out><![CDATA[2019-02-18 16:11:17 - [TEST_CASE][PASSED] - Test Cases/Login/Login with invalid credentials: Test Cases/Login/Login with invalid credentials

2019-02-18 16:11:18 - [TEST_STEP][PASSED] - openBrowser("https://cpdevapi.rrs360.com/login"): Browser is opened with url: 'https://cpdevapi.rrs360.com/login'

2019-02-18 16:11:18 - [MESSAGE][INFO] - Starting 'Chrome' driver

2019-02-18 16:11:19 - [MESSAGE][INFO] - Action delay is set to 0 seconds

2019-02-18 16:11:30 - [MESSAGE][PASSED] - Browser is opened with url: 'https://cpdevapi.rrs360.com/login'

2019-02-18 16:11:30 - [TEST_STEP][PASSED] - maximizeWindow(): Current window maximized

2019-02-18 16:11:31 - [MESSAGE][PASSED] - Current window maximized

2019-02-18 16:11:31 - [TEST_STEP][PASSED] - click(findTestObject("Page_Login/SignIn")): Object: 'Object Repository/Page_Login/SignIn' is clicked on

2019-02-18 16:11:33 - [MESSAGE][PASSED] - Object: 'Object Repository/Page_Login/SignIn' is clicked on

2019-02-18 16:11:33 - [TEST_STEP][PASSED] - sendKeys(findTestObject("Page_Login/Username"), "Test@techolution.com"): Keys 'Test@techolution.com' sent to object: 'Object Repository/Page_Login/Username'

2019-02-18 16:11:33 - [MESSAGE][PASSED] - Keys 'Test@techolution.com' sent to object: 'Object Repository/Page_Login/Username'

2019-02-18 16:11:33 - [TEST_STEP][PASSED] - sendKeys(findTestObject("Page_Login/Password"), "TestQA"): Keys 'TestQA' sent to object: 'Object Repository/Page_Login/Password'

2019-02-18 16:11:33 - [MESSAGE][PASSED] - Keys 'TestQA' sent to object: 'Object Repository/Page_Login/Password'

2019-02-18 16:11:33 - [TEST_STEP][PASSED] - click(findTestObject("Page_Login/Sign In button")): Object: 'Object Repository/Page_Login/Sign In button' is clicked on

2019-02-18 16:11:34 - [MESSAGE][PASSED] - Object: 'Object Repository/Page_Login/Sign In button' is clicked on]]></system-out>
         <system-err><![CDATA[]]></system-err>
      </testcase>
      <testcase name="Test Cases/Login/Login with valid credentials" classname="Test Cases/Login/Login with valid credentials" status="PASSED">
         <system-out><![CDATA[2019-02-18 16:11:36 - [TEST_CASE][PASSED] - Test Cases/Login/Login with valid credentials: Test Cases/Login/Login with valid credentials

2019-02-18 16:11:37 - [TEST_STEP][PASSED] - com.kazurayam.ksbackyard.HighlightElement.pandemic(): com.kazurayam.ksbackyard.HighlightElement.pandemic is PASSED

2019-02-18 16:11:37 - [MESSAGE][PASSED] - com.kazurayam.ksbackyard.HighlightElement.pandemic is PASSED

2019-02-18 16:11:37 - [TEST_STEP][PASSED] - openBrowser("https://cpdevapi.rrs360.com/login"): Browser is opened with url: 'https://cpdevapi.rrs360.com/login'

2019-02-18 16:11:37 - [MESSAGE][WARNING] - A browser is already opened. Closing browser and opening a new one

2019-02-18 16:11:37 - [MESSAGE][INFO] - Starting 'Chrome' driver

2019-02-18 16:11:47 - [MESSAGE][PASSED] - Browser is opened with url: 'https://cpdevapi.rrs360.com/login'

2019-02-18 16:11:47 - [TEST_STEP][PASSED] - maximizeWindow(): Current window maximized

2019-02-18 16:11:48 - [MESSAGE][PASSED] - Current window maximized

2019-02-18 16:11:48 - [TEST_STEP][PASSED] - click(findTestObject("Page_Login/SignIn")): Object: 'Object Repository/Page_Login/SignIn' is clicked on

2019-02-18 16:11:49 - [MESSAGE][PASSED] - Object: 'Object Repository/Page_Login/SignIn' is clicked on

2019-02-18 16:11:49 - [TEST_STEP][PASSED] - com.kazurayam.ksbackyard.HighlightElement.on(findTestObject("Page_Login/Username")): com.kazurayam.ksbackyard.HighlightElement.on is PASSED

2019-02-18 16:11:49 - [MESSAGE][PASSED] - com.kazurayam.ksbackyard.HighlightElement.on is PASSED

2019-02-18 16:11:49 - [TEST_STEP][PASSED] - sendKeys(findTestObject("Page_Login/Username"), "rrssuperadmin@techolution.com"): Keys 'rrssuperadmin@techolution.com' sent to object: 'Object Repository/Page_Login/Username'

2019-02-18 16:11:50 - [MESSAGE][PASSED] - Keys 'rrssuperadmin@techolution.com' sent to object: 'Object Repository/Page_Login/Username'

2019-02-18 16:11:50 - [TEST_STEP][PASSED] - com.kazurayam.ksbackyard.HighlightElement.on(findTestObject("Page_Login/Password")): com.kazurayam.ksbackyard.HighlightElement.on is PASSED

2019-02-18 16:11:50 - [MESSAGE][PASSED] - com.kazurayam.ksbackyard.HighlightElement.on is PASSED

2019-02-18 16:11:50 - [TEST_STEP][PASSED] - sendKeys(findTestObject("Page_Login/Password"), "j@mIefR0s7"): Keys 'j@mIefR0s7' sent to object: 'Object Repository/Page_Login/Password'

2019-02-18 16:11:50 - [MESSAGE][PASSED] - Keys 'j@mIefR0s7' sent to object: 'Object Repository/Page_Login/Password'

2019-02-18 16:11:50 - [TEST_STEP][PASSED] - com.kazurayam.ksbackyard.HighlightElement.on(findTestObject("Page_Login/Sign In button")): com.kazurayam.ksbackyard.HighlightElement.on is PASSED

2019-02-18 16:11:50 - [MESSAGE][PASSED] - com.kazurayam.ksbackyard.HighlightElement.on is PASSED

2019-02-18 16:11:50 - [TEST_STEP][PASSED] - click(findTestObject("Page_Login/Sign In button")): Object: 'Object Repository/Page_Login/Sign In button' is clicked on

2019-02-18 16:11:54 - [MESSAGE][PASSED] - Object: 'Object Repository/Page_Login/Sign In button' is clicked on

2019-02-18 16:11:54 - [TEST_STEP][PASSED] - closeBrowser(): Browser is closed

2019-02-18 16:11:56 - [MESSAGE][PASSED] - Browser is closed]]></system-out>
         <system-err><![CDATA[]]></system-err>
      </testcase>
      <testcase name="Test Cases/Login/URL Validation" classname="Test Cases/Login/URL Validation" status="FAILED">
         <failure type="FAILED" message="Test Cases/Login/URL Validation FAILED.
Reason:
com.kms.katalon.core.exception.StepFailedException: Unable to click on object 'Object Repository/Profile/Profile Page/Profile Page/Page_RRS/Page_RRS/button_Logout' (Root cause: org.openqa.selenium.WebDriverException: unknown error: Element &lt;button _ngcontent-c1=&quot;&quot; class=&quot;mat-menu-item&quot; mat-menu-item=&quot;&quot; role=&quot;menuitem&quot; tabindex=&quot;0&quot; aria-disabled=&quot;false&quot;>...&lt;/button> is not clickable at point (1278, 100). Other element would receive the click: &lt;button _ngcontent-c1=&quot;&quot; class=&quot;mat-menu-item&quot; mat-menu-item=&quot;&quot; role=&quot;menuitem&quot; tabindex=&quot;0&quot; aria-disabled=&quot;false&quot;>...&lt;/button>
  (Session info: chrome=72.0.3626.109)
  (Driver info: chromedriver=2.43.600210 (68dcf5eebde37173d4027fa8635e332711d2874a),platform=Windows NT 10.0.17134 x86_64) (WARNING: The server did not provide any stacktrace information)
Command duration or timeout: 0 milliseconds
Build info: version: '3.7.1', revision: '8a0099a', time: '2017-11-06T21:07:36.161Z'
System info: host: 'DESKTOP-985PVAQ', ip: '192.168.198.1', os.name: 'Windows 10', os.arch: 'amd64', os.version: '10.0', java.version: '1.8.0_181'
Driver info: com.kms.katalon.selenium.driver.CChromeDriver
Capabilities {acceptInsecureCerts: false, acceptSslCerts: false, applicationCacheEnabled: false, browserConnectionEnabled: false, browserName: chrome, chrome: {chromedriverVersion: 2.43.600210 (68dcf5eebde371..., userDataDir: C:\Users\TECHOL~1\AppData\L...}, cssSelectorsEnabled: true, databaseEnabled: false, goog:chromeOptions: {debuggerAddress: localhost:50774}, handlesAlerts: true, hasTouchScreen: false, javascriptEnabled: true, locationContextEnabled: true, mobileEmulationEnabled: false, nativeEvents: true, networkConnectionEnabled: false, pageLoadStrategy: normal, platform: XP, platformName: XP, rotatable: false, setWindowRect: true, takesHeapSnapshot: true, takesScreenshot: true, unexpectedAlertBehaviour: , unhandledPromptBehavior: , version: 72.0.3626.109, webStorageEnabled: true}
Session ID: aa2f03cb6fd080f80ca7946a974d7bb1)
	at com.kms.katalon.core.keyword.internal.KeywordMain.stepFailed(KeywordMain.groovy:36)
	at com.kms.katalon.core.webui.keyword.internal.WebUIKeywordMain.stepFailed(WebUIKeywordMain.groovy:65)
	at com.kms.katalon.core.webui.keyword.internal.WebUIKeywordMain.runKeyword(WebUIKeywordMain.groovy:27)
	at com.kms.katalon.core.webui.keyword.builtin.ClickKeyword.click(ClickKeyword.groovy:86)
	at com.kms.katalon.core.webui.keyword.builtin.ClickKeyword.execute(ClickKeyword.groovy:67)
	at com.kms.katalon.core.keyword.internal.KeywordExecutor.executeKeywordForPlatform(KeywordExecutor.groovy:53)
	at com.kms.katalon.core.webui.keyword.WebUiBuiltInKeywords.click(WebUiBuiltInKeywords.groovy:616)
	at com.kms.katalon.core.webui.keyword.WebUiBuiltInKeywords$click$1.call(Unknown Source)
	at URL Validation.run(URL Validation:51)
	at com.kms.katalon.core.main.ScriptEngine.run(ScriptEngine.java:194)
	at com.kms.katalon.core.main.ScriptEngine.runScriptAsRawText(ScriptEngine.java:119)
	at com.kms.katalon.core.main.TestCaseExecutor.runScript(TestCaseExecutor.java:328)
	at com.kms.katalon.core.main.TestCaseExecutor.doExecute(TestCaseExecutor.java:319)
	at com.kms.katalon.core.main.TestCaseExecutor.processExecutionPhase(TestCaseExecutor.java:298)
	at com.kms.katalon.core.main.TestCaseExecutor.accessMainPhase(TestCaseExecutor.java:290)
	at com.kms.katalon.core.main.TestCaseExecutor.execute(TestCaseExecutor.java:224)
	at com.kms.katalon.core.main.TestSuiteExecutor.accessTestCaseMainPhase(TestSuiteExecutor.java:129)
	at com.kms.katalon.core.main.TestSuiteExecutor.accessTestSuiteMainPhase(TestSuiteExecutor.java:112)
	at com.kms.katalon.core.main.TestSuiteExecutor.execute(TestSuiteExecutor.java:81)
	at com.kms.katalon.core.main.TestCaseMain.startTestSuite(TestCaseMain.java:149)
	at com.kms.katalon.core.main.TestCaseMain$startTestSuite$0.call(Unknown Source)
	at TempTestSuite1550486475203.run(TempTestSuite1550486475203.groovy:36)
"/>
         <system-out><![CDATA[2019-02-18 16:11:58 - [TEST_CASE][FAILED] - Test Cases/Login/URL Validation: Test Cases/Login/URL Validation FAILED.
Reason:
com.kms.katalon.core.exception.StepFailedException: Unable to click on object 'Object Repository/Profile/Profile Page/Profile Page/Page_RRS/Page_RRS/button_Logout' (Root cause: org.openqa.selenium.WebDriverException: unknown error: Element <button _ngcontent-c1="" class="mat-menu-item" mat-menu-item="" role="menuitem" tabindex="0" aria-disabled="false">...</button> is not clickable at point (1278, 100). Other element would receive the click: <button _ngcontent-c1="" class="mat-menu-item" mat-menu-item="" role="menuitem" tabindex="0" aria-disabled="false">...</button>
  (Session info: chrome=72.0.3626.109)
  (Driver info: chromedriver=2.43.600210 (68dcf5eebde37173d4027fa8635e332711d2874a),platform=Windows NT 10.0.17134 x86_64) (WARNING: The server did not provide any stacktrace information)
Command duration or timeout: 0 milliseconds
Build info: version: '3.7.1', revision: '8a0099a', time: '2017-11-06T21:07:36.161Z'
System info: host: 'DESKTOP-985PVAQ', ip: '192.168.198.1', os.name: 'Windows 10', os.arch: 'amd64', os.version: '10.0', java.version: '1.8.0_181'
Driver info: com.kms.katalon.selenium.driver.CChromeDriver
Capabilities {acceptInsecureCerts: false, acceptSslCerts: false, applicationCacheEnabled: false, browserConnectionEnabled: false, browserName: chrome, chrome: {chromedriverVersion: 2.43.600210 (68dcf5eebde371..., userDataDir: C:\Users\TECHOL~1\AppData\L...}, cssSelectorsEnabled: true, databaseEnabled: false, goog:chromeOptions: {debuggerAddress: localhost:50774}, handlesAlerts: true, hasTouchScreen: false, javascriptEnabled: true, locationContextEnabled: true, mobileEmulationEnabled: false, nativeEvents: true, networkConnectionEnabled: false, pageLoadStrategy: normal, platform: XP, platformName: XP, rotatable: false, setWindowRect: true, takesHeapSnapshot: true, takesScreenshot: true, unexpectedAlertBehaviour: , unhandledPromptBehavior: , version: 72.0.3626.109, webStorageEnabled: true}
Session ID: aa2f03cb6fd080f80ca7946a974d7bb1)
	at com.kms.katalon.core.keyword.internal.KeywordMain.stepFailed(KeywordMain.groovy:36)
	at com.kms.katalon.core.webui.keyword.internal.WebUIKeywordMain.stepFailed(WebUIKeywordMain.groovy:65)
	at com.kms.katalon.core.webui.keyword.internal.WebUIKeywordMain.runKeyword(WebUIKeywordMain.groovy:27)
	at com.kms.katalon.core.webui.keyword.builtin.ClickKeyword.click(ClickKeyword.groovy:86)
	at com.kms.katalon.core.webui.keyword.builtin.ClickKeyword.execute(ClickKeyword.groovy:67)
	at com.kms.katalon.core.keyword.internal.KeywordExecutor.executeKeywordForPlatform(KeywordExecutor.groovy:53)
	at com.kms.katalon.core.webui.keyword.WebUiBuiltInKeywords.click(WebUiBuiltInKeywords.groovy:616)
	at com.kms.katalon.core.webui.keyword.WebUiBuiltInKeywords$click$1.call(Unknown Source)
	at URL Validation.run(URL Validation:51)
	at com.kms.katalon.core.main.ScriptEngine.run(ScriptEngine.java:194)
	at com.kms.katalon.core.main.ScriptEngine.runScriptAsRawText(ScriptEngine.java:119)
	at com.kms.katalon.core.main.TestCaseExecutor.runScript(TestCaseExecutor.java:328)
	at com.kms.katalon.core.main.TestCaseExecutor.doExecute(TestCaseExecutor.java:319)
	at com.kms.katalon.core.main.TestCaseExecutor.processExecutionPhase(TestCaseExecutor.java:298)
	at com.kms.katalon.core.main.TestCaseExecutor.accessMainPhase(TestCaseExecutor.java:290)
	at com.kms.katalon.core.main.TestCaseExecutor.execute(TestCaseExecutor.java:224)
	at com.kms.katalon.core.main.TestSuiteExecutor.accessTestCaseMainPhase(TestSuiteExecutor.java:129)
	at com.kms.katalon.core.main.TestSuiteExecutor.accessTestSuiteMainPhase(TestSuiteExecutor.java:112)
	at com.kms.katalon.core.main.TestSuiteExecutor.execute(TestSuiteExecutor.java:81)
	at com.kms.katalon.core.main.TestCaseMain.startTestSuite(TestCaseMain.java:149)
	at com.kms.katalon.core.main.TestCaseMain$startTestSuite$0.call(Unknown Source)
	at TempTestSuite1550486475203.run(TempTestSuite1550486475203.groovy:36)


2019-02-18 16:11:58 - [TEST_STEP][PASSED] - openBrowser("https://cpdevapi.rrs360.com/auth/login"): Browser is opened with url: 'https://cpdevapi.rrs360.com/auth/login'

2019-02-18 16:11:58 - [MESSAGE][INFO] - Starting 'Chrome' driver

2019-02-18 16:12:03 - [MESSAGE][PASSED] - Browser is opened with url: 'https://cpdevapi.rrs360.com/auth/login'

2019-02-18 16:12:03 - [TEST_STEP][PASSED] - maximizeWindow(): Current window maximized

2019-02-18 16:12:04 - [MESSAGE][PASSED] - Current window maximized

2019-02-18 16:12:04 - [TEST_STEP][PASSED] - LaunchedURL = getUrl(): Current window's url is: 'https://cpdevapi.rrs360.com/auth/login'

2019-02-18 16:12:04 - [MESSAGE][PASSED] - Current window's url is: 'https://cpdevapi.rrs360.com/auth/login'

2019-02-18 16:12:04 - [TEST_STEP][PASSED] - sendKeys(findTestObject("Page_Login/Username"), "rrssuperadmin@techolution.com"): Keys 'rrssuperadmin@techolution.com' sent to object: 'Object Repository/Page_Login/Username'

2019-02-18 16:12:04 - [MESSAGE][PASSED] - Keys 'rrssuperadmin@techolution.com' sent to object: 'Object Repository/Page_Login/Username'

2019-02-18 16:12:04 - [TEST_STEP][PASSED] - sendKeys(findTestObject("Page_Login/Password"), "j@mIefR0s7"): Keys 'j@mIefR0s7' sent to object: 'Object Repository/Page_Login/Password'

2019-02-18 16:12:04 - [MESSAGE][PASSED] - Keys 'j@mIefR0s7' sent to object: 'Object Repository/Page_Login/Password'

2019-02-18 16:12:04 - [TEST_STEP][PASSED] - click(findTestObject("Page_Login/Sign In button")): Object: 'Object Repository/Page_Login/Sign In button' is clicked on

2019-02-18 16:12:11 - [MESSAGE][PASSED] - Object: 'Object Repository/Page_Login/Sign In button' is clicked on

2019-02-18 16:12:11 - [TEST_STEP][PASSED] - CurrentURL = getUrl(): Current window's url is: 'https://cpdev.rrs360.com/home/index'

2019-02-18 16:12:11 - [MESSAGE][PASSED] - Current window's url is: 'https://cpdev.rrs360.com/home/index'

2019-02-18 16:12:11 - [TEST_STEP][PASSED] - if (CurrentURL.equals(LaunchedURL)): null

2019-02-18 16:12:11 - [TEST_STEP][PASSED] - else: null

2019-02-18 16:12:11 - [TEST_STEP][PASSED] - println("URLS not matching:-Current URL is " + CurrentURL + " Launched URL is " + LaunchedURL): null

2019-02-18 16:12:11 - [TEST_STEP][PASSED] - click(findTestObject("Profile/Profile Page/Profile Page/Page_RRS/Profile Icon")): Object: 'Object Repository/Profile/Profile Page/Profile Page/Page_RRS/Profile Icon' is clicked on

2019-02-18 16:12:11 - [MESSAGE][PASSED] - Object: 'Object Repository/Profile/Profile Page/Profile Page/Page_RRS/Profile Icon' is clicked on

2019-02-18 16:12:11 - [TEST_STEP][FAILED] - click(findTestObject("Profile/Profile Page/Profile Page/Page_RRS/Page_RRS/button_Logout")): click(findTestObject("Profile/Profile Page/Profile Page/Page_RRS/Page_RRS/button_Logout")) FAILED.
Reason:
com.kms.katalon.core.exception.StepFailedException: Unable to click on object 'Object Repository/Profile/Profile Page/Profile Page/Page_RRS/Page_RRS/button_Logout' (Root cause: org.openqa.selenium.WebDriverException: unknown error: Element <button _ngcontent-c1="" class="mat-menu-item" mat-menu-item="" role="menuitem" tabindex="0" aria-disabled="false">...</button> is not clickable at point (1278, 100). Other element would receive the click: <button _ngcontent-c1="" class="mat-menu-item" mat-menu-item="" role="menuitem" tabindex="0" aria-disabled="false">...</button>
  (Session info: chrome=72.0.3626.109)
  (Driver info: chromedriver=2.43.600210 (68dcf5eebde37173d4027fa8635e332711d2874a),platform=Windows NT 10.0.17134 x86_64) (WARNING: The server did not provide any stacktrace information)
Command duration or timeout: 0 milliseconds
Build info: version: '3.7.1', revision: '8a0099a', time: '2017-11-06T21:07:36.161Z'
System info: host: 'DESKTOP-985PVAQ', ip: '192.168.198.1', os.name: 'Windows 10', os.arch: 'amd64', os.version: '10.0', java.version: '1.8.0_181'
Driver info: com.kms.katalon.selenium.driver.CChromeDriver
Capabilities {acceptInsecureCerts: false, acceptSslCerts: false, applicationCacheEnabled: false, browserConnectionEnabled: false, browserName: chrome, chrome: {chromedriverVersion: 2.43.600210 (68dcf5eebde371..., userDataDir: C:\Users\TECHOL~1\AppData\L...}, cssSelectorsEnabled: true, databaseEnabled: false, goog:chromeOptions: {debuggerAddress: localhost:50774}, handlesAlerts: true, hasTouchScreen: false, javascriptEnabled: true, locationContextEnabled: true, mobileEmulationEnabled: false, nativeEvents: true, networkConnectionEnabled: false, pageLoadStrategy: normal, platform: XP, platformName: XP, rotatable: false, setWindowRect: true, takesHeapSnapshot: true, takesScreenshot: true, unexpectedAlertBehaviour: , unhandledPromptBehavior: , version: 72.0.3626.109, webStorageEnabled: true}
Session ID: aa2f03cb6fd080f80ca7946a974d7bb1)
	at com.kms.katalon.core.keyword.internal.KeywordMain.stepFailed(KeywordMain.groovy:36)
	at com.kms.katalon.core.webui.keyword.internal.WebUIKeywordMain.stepFailed(WebUIKeywordMain.groovy:65)
	at com.kms.katalon.core.webui.keyword.internal.WebUIKeywordMain.runKeyword(WebUIKeywordMain.groovy:27)
	at com.kms.katalon.core.webui.keyword.builtin.ClickKeyword.click(ClickKeyword.groovy:86)
	at com.kms.katalon.core.webui.keyword.builtin.ClickKeyword.execute(ClickKeyword.groovy:67)
	at com.kms.katalon.core.keyword.internal.KeywordExecutor.executeKeywordForPlatform(KeywordExecutor.groovy:53)
	at com.kms.katalon.core.webui.keyword.WebUiBuiltInKeywords.click(WebUiBuiltInKeywords.groovy:616)
	at com.kms.katalon.core.webui.keyword.WebUiBuiltInKeywords$click$1.call(Unknown Source)
	at URL Validation.run(URL Validation:51)
	at com.kms.katalon.core.main.ScriptEngine.run(ScriptEngine.java:194)
	at com.kms.katalon.core.main.ScriptEngine.runScriptAsRawText(ScriptEngine.java:119)
	at com.kms.katalon.core.main.TestCaseExecutor.runScript(TestCaseExecutor.java:328)
	at com.kms.katalon.core.main.TestCaseExecutor.doExecute(TestCaseExecutor.java:319)
	at com.kms.katalon.core.main.TestCaseExecutor.processExecutionPhase(TestCaseExecutor.java:298)
	at com.kms.katalon.core.main.TestCaseExecutor.accessMainPhase(TestCaseExecutor.java:290)
	at com.kms.katalon.core.main.TestCaseExecutor.execute(TestCaseExecutor.java:224)
	at com.kms.katalon.core.main.TestSuiteExecutor.accessTestCaseMainPhase(TestSuiteExecutor.java:129)
	at com.kms.katalon.core.main.TestSuiteExecutor.accessTestSuiteMainPhase(TestSuiteExecutor.java:112)
	at com.kms.katalon.core.main.TestSuiteExecutor.execute(TestSuiteExecutor.java:81)
	at com.kms.katalon.core.main.TestCaseMain.startTestSuite(TestCaseMain.java:149)
	at com.kms.katalon.core.main.TestCaseMain$startTestSuite$0.call(Unknown Source)
	at TempTestSuite1550486475203.run(TempTestSuite1550486475203.groovy:36)


2019-02-18 16:12:11 - [MESSAGE][FAILED] - Unable to click on object 'Object Repository/Profile/Profile Page/Profile Page/Page_RRS/Page_RRS/button_Logout' (Root cause: org.openqa.selenium.WebDriverException: unknown error: Element <button _ngcontent-c1="" class="mat-menu-item" mat-menu-item="" role="menuitem" tabindex="0" aria-disabled="false">...</button> is not clickable at point (1278, 100). Other element would receive the click: <button _ngcontent-c1="" class="mat-menu-item" mat-menu-item="" role="menuitem" tabindex="0" aria-disabled="false">...</button>
  (Session info: chrome=72.0.3626.109)
  (Driver info: chromedriver=2.43.600210 (68dcf5eebde37173d4027fa8635e332711d2874a),platform=Windows NT 10.0.17134 x86_64) (WARNING: The server did not provide any stacktrace information)
Command duration or timeout: 0 milliseconds
Build info: version: '3.7.1', revision: '8a0099a', time: '2017-11-06T21:07:36.161Z'
System info: host: 'DESKTOP-985PVAQ', ip: '192.168.198.1', os.name: 'Windows 10', os.arch: 'amd64', os.version: '10.0', java.version: '1.8.0_181'
Driver info: com.kms.katalon.selenium.driver.CChromeDriver
Capabilities {acceptInsecureCerts: false, acceptSslCerts: false, applicationCacheEnabled: false, browserConnectionEnabled: false, browserName: chrome, chrome: {chromedriverVersion: 2.43.600210 (68dcf5eebde371..., userDataDir: C:\Users\TECHOL~1\AppData\L...}, cssSelectorsEnabled: true, databaseEnabled: false, goog:chromeOptions: {debuggerAddress: localhost:50774}, handlesAlerts: true, hasTouchScreen: false, javascriptEnabled: true, locationContextEnabled: true, mobileEmulationEnabled: false, nativeEvents: true, networkConnectionEnabled: false, pageLoadStrategy: normal, platform: XP, platformName: XP, rotatable: false, setWindowRect: true, takesHeapSnapshot: true, takesScreenshot: true, unexpectedAlertBehaviour: , unhandledPromptBehavior: , version: 72.0.3626.109, webStorageEnabled: true}
Session ID: aa2f03cb6fd080f80ca7946a974d7bb1)
[[ATTACHMENT|C:\\Users\\TECHOLUTION\\Desktop\\RRS Project\\10 th jan\\RRS\\Reports\\Individual\\20190218_161115\\1550486531256.png]]

2019-02-18 16:12:11 - [MESSAGE][FAILED] - click(findTestObject("Profile/Profile Page/Profile Page/Page_RRS/Page_RRS/button_Logout")) FAILED.
Reason:
com.kms.katalon.core.exception.StepFailedException: Unable to click on object 'Object Repository/Profile/Profile Page/Profile Page/Page_RRS/Page_RRS/button_Logout' (Root cause: org.openqa.selenium.WebDriverException: unknown error: Element <button _ngcontent-c1="" class="mat-menu-item" mat-menu-item="" role="menuitem" tabindex="0" aria-disabled="false">...</button> is not clickable at point (1278, 100). Other element would receive the click: <button _ngcontent-c1="" class="mat-menu-item" mat-menu-item="" role="menuitem" tabindex="0" aria-disabled="false">...</button>
  (Session info: chrome=72.0.3626.109)
  (Driver info: chromedriver=2.43.600210 (68dcf5eebde37173d4027fa8635e332711d2874a),platform=Windows NT 10.0.17134 x86_64) (WARNING: The server did not provide any stacktrace information)
Command duration or timeout: 0 milliseconds
Build info: version: '3.7.1', revision: '8a0099a', time: '2017-11-06T21:07:36.161Z'
System info: host: 'DESKTOP-985PVAQ', ip: '192.168.198.1', os.name: 'Windows 10', os.arch: 'amd64', os.version: '10.0', java.version: '1.8.0_181'
Driver info: com.kms.katalon.selenium.driver.CChromeDriver
Capabilities {acceptInsecureCerts: false, acceptSslCerts: false, applicationCacheEnabled: false, browserConnectionEnabled: false, browserName: chrome, chrome: {chromedriverVersion: 2.43.600210 (68dcf5eebde371..., userDataDir: C:\Users\TECHOL~1\AppData\L...}, cssSelectorsEnabled: true, databaseEnabled: false, goog:chromeOptions: {debuggerAddress: localhost:50774}, handlesAlerts: true, hasTouchScreen: false, javascriptEnabled: true, locationContextEnabled: true, mobileEmulationEnabled: false, nativeEvents: true, networkConnectionEnabled: false, pageLoadStrategy: normal, platform: XP, platformName: XP, rotatable: false, setWindowRect: true, takesHeapSnapshot: true, takesScreenshot: true, unexpectedAlertBehaviour: , unhandledPromptBehavior: , version: 72.0.3626.109, webStorageEnabled: true}
Session ID: aa2f03cb6fd080f80ca7946a974d7bb1)
	at com.kms.katalon.core.keyword.internal.KeywordMain.stepFailed(KeywordMain.groovy:36)
	at com.kms.katalon.core.webui.keyword.internal.WebUIKeywordMain.stepFailed(WebUIKeywordMain.groovy:65)
	at com.kms.katalon.core.webui.keyword.internal.WebUIKeywordMain.runKeyword(WebUIKeywordMain.groovy:27)
	at com.kms.katalon.core.webui.keyword.builtin.ClickKeyword.click(ClickKeyword.groovy:86)
	at com.kms.katalon.core.webui.keyword.builtin.ClickKeyword.execute(ClickKeyword.groovy:67)
	at com.kms.katalon.core.keyword.internal.KeywordExecutor.executeKeywordForPlatform(KeywordExecutor.groovy:53)
	at com.kms.katalon.core.webui.keyword.WebUiBuiltInKeywords.click(WebUiBuiltInKeywords.groovy:616)
	at com.kms.katalon.core.webui.keyword.WebUiBuiltInKeywords$click$1.call(Unknown Source)
	at URL Validation.run(URL Validation:51)
	at com.kms.katalon.core.main.ScriptEngine.run(ScriptEngine.java:194)
	at com.kms.katalon.core.main.ScriptEngine.runScriptAsRawText(ScriptEngine.java:119)
	at com.kms.katalon.core.main.TestCaseExecutor.runScript(TestCaseExecutor.java:328)
	at com.kms.katalon.core.main.TestCaseExecutor.doExecute(TestCaseExecutor.java:319)
	at com.kms.katalon.core.main.TestCaseExecutor.processExecutionPhase(TestCaseExecutor.java:298)
	at com.kms.katalon.core.main.TestCaseExecutor.accessMainPhase(TestCaseExecutor.java:290)
	at com.kms.katalon.core.main.TestCaseExecutor.execute(TestCaseExecutor.java:224)
	at com.kms.katalon.core.main.TestSuiteExecutor.accessTestCaseMainPhase(TestSuiteExecutor.java:129)
	at com.kms.katalon.core.main.TestSuiteExecutor.accessTestSuiteMainPhase(TestSuiteExecutor.java:112)
	at com.kms.katalon.core.main.TestSuiteExecutor.execute(TestSuiteExecutor.java:81)
	at com.kms.katalon.core.main.TestCaseMain.startTestSuite(TestCaseMain.java:149)
	at com.kms.katalon.core.main.TestCaseMain$startTestSuite$0.call(Unknown Source)
	at TempTestSuite1550486475203.run(TempTestSuite1550486475203.groovy:36)]]></system-out>
         <system-err><![CDATA[2019-02-18 16:11:58 - [TEST_CASE][FAILED] - Test Cases/Login/URL Validation: Test Cases/Login/URL Validation FAILED.
Reason:
com.kms.katalon.core.exception.StepFailedException: Unable to click on object 'Object Repository/Profile/Profile Page/Profile Page/Page_RRS/Page_RRS/button_Logout' (Root cause: org.openqa.selenium.WebDriverException: unknown error: Element <button _ngcontent-c1="" class="mat-menu-item" mat-menu-item="" role="menuitem" tabindex="0" aria-disabled="false">...</button> is not clickable at point (1278, 100). Other element would receive the click: <button _ngcontent-c1="" class="mat-menu-item" mat-menu-item="" role="menuitem" tabindex="0" aria-disabled="false">...</button>
  (Session info: chrome=72.0.3626.109)
  (Driver info: chromedriver=2.43.600210 (68dcf5eebde37173d4027fa8635e332711d2874a),platform=Windows NT 10.0.17134 x86_64) (WARNING: The server did not provide any stacktrace information)
Command duration or timeout: 0 milliseconds
Build info: version: '3.7.1', revision: '8a0099a', time: '2017-11-06T21:07:36.161Z'
System info: host: 'DESKTOP-985PVAQ', ip: '192.168.198.1', os.name: 'Windows 10', os.arch: 'amd64', os.version: '10.0', java.version: '1.8.0_181'
Driver info: com.kms.katalon.selenium.driver.CChromeDriver
Capabilities {acceptInsecureCerts: false, acceptSslCerts: false, applicationCacheEnabled: false, browserConnectionEnabled: false, browserName: chrome, chrome: {chromedriverVersion: 2.43.600210 (68dcf5eebde371..., userDataDir: C:\Users\TECHOL~1\AppData\L...}, cssSelectorsEnabled: true, databaseEnabled: false, goog:chromeOptions: {debuggerAddress: localhost:50774}, handlesAlerts: true, hasTouchScreen: false, javascriptEnabled: true, locationContextEnabled: true, mobileEmulationEnabled: false, nativeEvents: true, networkConnectionEnabled: false, pageLoadStrategy: normal, platform: XP, platformName: XP, rotatable: false, setWindowRect: true, takesHeapSnapshot: true, takesScreenshot: true, unexpectedAlertBehaviour: , unhandledPromptBehavior: , version: 72.0.3626.109, webStorageEnabled: true}
Session ID: aa2f03cb6fd080f80ca7946a974d7bb1)
	at com.kms.katalon.core.keyword.internal.KeywordMain.stepFailed(KeywordMain.groovy:36)
	at com.kms.katalon.core.webui.keyword.internal.WebUIKeywordMain.stepFailed(WebUIKeywordMain.groovy:65)
	at com.kms.katalon.core.webui.keyword.internal.WebUIKeywordMain.runKeyword(WebUIKeywordMain.groovy:27)
	at com.kms.katalon.core.webui.keyword.builtin.ClickKeyword.click(ClickKeyword.groovy:86)
	at com.kms.katalon.core.webui.keyword.builtin.ClickKeyword.execute(ClickKeyword.groovy:67)
	at com.kms.katalon.core.keyword.internal.KeywordExecutor.executeKeywordForPlatform(KeywordExecutor.groovy:53)
	at com.kms.katalon.core.webui.keyword.WebUiBuiltInKeywords.click(WebUiBuiltInKeywords.groovy:616)
	at com.kms.katalon.core.webui.keyword.WebUiBuiltInKeywords$click$1.call(Unknown Source)
	at URL Validation.run(URL Validation:51)
	at com.kms.katalon.core.main.ScriptEngine.run(ScriptEngine.java:194)
	at com.kms.katalon.core.main.ScriptEngine.runScriptAsRawText(ScriptEngine.java:119)
	at com.kms.katalon.core.main.TestCaseExecutor.runScript(TestCaseExecutor.java:328)
	at com.kms.katalon.core.main.TestCaseExecutor.doExecute(TestCaseExecutor.java:319)
	at com.kms.katalon.core.main.TestCaseExecutor.processExecutionPhase(TestCaseExecutor.java:298)
	at com.kms.katalon.core.main.TestCaseExecutor.accessMainPhase(TestCaseExecutor.java:290)
	at com.kms.katalon.core.main.TestCaseExecutor.execute(TestCaseExecutor.java:224)
	at com.kms.katalon.core.main.TestSuiteExecutor.accessTestCaseMainPhase(TestSuiteExecutor.java:129)
	at com.kms.katalon.core.main.TestSuiteExecutor.accessTestSuiteMainPhase(TestSuiteExecutor.java:112)
	at com.kms.katalon.core.main.TestSuiteExecutor.execute(TestSuiteExecutor.java:81)
	at com.kms.katalon.core.main.TestCaseMain.startTestSuite(TestCaseMain.java:149)
	at com.kms.katalon.core.main.TestCaseMain$startTestSuite$0.call(Unknown Source)
	at TempTestSuite1550486475203.run(TempTestSuite1550486475203.groovy:36)]]></system-err>
      </testcase>
      <system-out><![CDATA[2019-02-18 16:11:17 - [TEST_SUITE][FAILED] - Individual: Test Cases/Login/URL Validation FAILED.
Reason:
com.kms.katalon.core.exception.StepFailedException: Unable to click on object 'Object Repository/Profile/Profile Page/Profile Page/Page_RRS/Page_RRS/button_Logout' (Root cause: org.openqa.selenium.WebDriverException: unknown error: Element <button _ngcontent-c1="" class="mat-menu-item" mat-menu-item="" role="menuitem" tabindex="0" aria-disabled="false">...</button> is not clickable at point (1278, 100). Other element would receive the click: <button _ngcontent-c1="" class="mat-menu-item" mat-menu-item="" role="menuitem" tabindex="0" aria-disabled="false">...</button>
  (Session info: chrome=72.0.3626.109)
  (Driver info: chromedriver=2.43.600210 (68dcf5eebde37173d4027fa8635e332711d2874a),platform=Windows NT 10.0.17134 x86_64) (WARNING: The server did not provide any stacktrace information)
Command duration or timeout: 0 milliseconds
Build info: version: '3.7.1', revision: '8a0099a', time: '2017-11-06T21:07:36.161Z'
System info: host: 'DESKTOP-985PVAQ', ip: '192.168.198.1', os.name: 'Windows 10', os.arch: 'amd64', os.version: '10.0', java.version: '1.8.0_181'
Driver info: com.kms.katalon.selenium.driver.CChromeDriver
Capabilities {acceptInsecureCerts: false, acceptSslCerts: false, applicationCacheEnabled: false, browserConnectionEnabled: false, browserName: chrome, chrome: {chromedriverVersion: 2.43.600210 (68dcf5eebde371..., userDataDir: C:\Users\TECHOL~1\AppData\L...}, cssSelectorsEnabled: true, databaseEnabled: false, goog:chromeOptions: {debuggerAddress: localhost:50774}, handlesAlerts: true, hasTouchScreen: false, javascriptEnabled: true, locationContextEnabled: true, mobileEmulationEnabled: false, nativeEvents: true, networkConnectionEnabled: false, pageLoadStrategy: normal, platform: XP, platformName: XP, rotatable: false, setWindowRect: true, takesHeapSnapshot: true, takesScreenshot: true, unexpectedAlertBehaviour: , unhandledPromptBehavior: , version: 72.0.3626.109, webStorageEnabled: true}
Session ID: aa2f03cb6fd080f80ca7946a974d7bb1)
	at com.kms.katalon.core.keyword.internal.KeywordMain.stepFailed(KeywordMain.groovy:36)
	at com.kms.katalon.core.webui.keyword.internal.WebUIKeywordMain.stepFailed(WebUIKeywordMain.groovy:65)
	at com.kms.katalon.core.webui.keyword.internal.WebUIKeywordMain.runKeyword(WebUIKeywordMain.groovy:27)
	at com.kms.katalon.core.webui.keyword.builtin.ClickKeyword.click(ClickKeyword.groovy:86)
	at com.kms.katalon.core.webui.keyword.builtin.ClickKeyword.execute(ClickKeyword.groovy:67)
	at com.kms.katalon.core.keyword.internal.KeywordExecutor.executeKeywordForPlatform(KeywordExecutor.groovy:53)
	at com.kms.katalon.core.webui.keyword.WebUiBuiltInKeywords.click(WebUiBuiltInKeywords.groovy:616)
	at com.kms.katalon.core.webui.keyword.WebUiBuiltInKeywords$click$1.call(Unknown Source)
	at URL Validation.run(URL Validation:51)
	at com.kms.katalon.core.main.ScriptEngine.run(ScriptEngine.java:194)
	at com.kms.katalon.core.main.ScriptEngine.runScriptAsRawText(ScriptEngine.java:119)
	at com.kms.katalon.core.main.TestCaseExecutor.runScript(TestCaseExecutor.java:328)
	at com.kms.katalon.core.main.TestCaseExecutor.doExecute(TestCaseExecutor.java:319)
	at com.kms.katalon.core.main.TestCaseExecutor.processExecutionPhase(TestCaseExecutor.java:298)
	at com.kms.katalon.core.main.TestCaseExecutor.accessMainPhase(TestCaseExecutor.java:290)
	at com.kms.katalon.core.main.TestCaseExecutor.execute(TestCaseExecutor.java:224)
	at com.kms.katalon.core.main.TestSuiteExecutor.accessTestCaseMainPhase(TestSuiteExecutor.java:129)
	at com.kms.katalon.core.main.TestSuiteExecutor.accessTestSuiteMainPhase(TestSuiteExecutor.java:112)
	at com.kms.katalon.core.main.TestSuiteExecutor.execute(TestSuiteExecutor.java:81)
	at com.kms.katalon.core.main.TestCaseMain.startTestSuite(TestCaseMain.java:149)
	at com.kms.katalon.core.main.TestCaseMain$startTestSuite$0.call(Unknown Source)
	at TempTestSuite1550486475203.run(TempTestSuite1550486475203.groovy:36)]]></system-out>
      <system-err><![CDATA[2019-02-18 16:11:17 - [TEST_SUITE][FAILED] - Individual: Test Cases/Login/URL Validation FAILED.
Reason:
com.kms.katalon.core.exception.StepFailedException: Unable to click on object 'Object Repository/Profile/Profile Page/Profile Page/Page_RRS/Page_RRS/button_Logout' (Root cause: org.openqa.selenium.WebDriverException: unknown error: Element <button _ngcontent-c1="" class="mat-menu-item" mat-menu-item="" role="menuitem" tabindex="0" aria-disabled="false">...</button> is not clickable at point (1278, 100). Other element would receive the click: <button _ngcontent-c1="" class="mat-menu-item" mat-menu-item="" role="menuitem" tabindex="0" aria-disabled="false">...</button>
  (Session info: chrome=72.0.3626.109)
  (Driver info: chromedriver=2.43.600210 (68dcf5eebde37173d4027fa8635e332711d2874a),platform=Windows NT 10.0.17134 x86_64) (WARNING: The server did not provide any stacktrace information)
Command duration or timeout: 0 milliseconds
Build info: version: '3.7.1', revision: '8a0099a', time: '2017-11-06T21:07:36.161Z'
System info: host: 'DESKTOP-985PVAQ', ip: '192.168.198.1', os.name: 'Windows 10', os.arch: 'amd64', os.version: '10.0', java.version: '1.8.0_181'
Driver info: com.kms.katalon.selenium.driver.CChromeDriver
Capabilities {acceptInsecureCerts: false, acceptSslCerts: false, applicationCacheEnabled: false, browserConnectionEnabled: false, browserName: chrome, chrome: {chromedriverVersion: 2.43.600210 (68dcf5eebde371..., userDataDir: C:\Users\TECHOL~1\AppData\L...}, cssSelectorsEnabled: true, databaseEnabled: false, goog:chromeOptions: {debuggerAddress: localhost:50774}, handlesAlerts: true, hasTouchScreen: false, javascriptEnabled: true, locationContextEnabled: true, mobileEmulationEnabled: false, nativeEvents: true, networkConnectionEnabled: false, pageLoadStrategy: normal, platform: XP, platformName: XP, rotatable: false, setWindowRect: true, takesHeapSnapshot: true, takesScreenshot: true, unexpectedAlertBehaviour: , unhandledPromptBehavior: , version: 72.0.3626.109, webStorageEnabled: true}
Session ID: aa2f03cb6fd080f80ca7946a974d7bb1)
	at com.kms.katalon.core.keyword.internal.KeywordMain.stepFailed(KeywordMain.groovy:36)
	at com.kms.katalon.core.webui.keyword.internal.WebUIKeywordMain.stepFailed(WebUIKeywordMain.groovy:65)
	at com.kms.katalon.core.webui.keyword.internal.WebUIKeywordMain.runKeyword(WebUIKeywordMain.groovy:27)
	at com.kms.katalon.core.webui.keyword.builtin.ClickKeyword.click(ClickKeyword.groovy:86)
	at com.kms.katalon.core.webui.keyword.builtin.ClickKeyword.execute(ClickKeyword.groovy:67)
	at com.kms.katalon.core.keyword.internal.KeywordExecutor.executeKeywordForPlatform(KeywordExecutor.groovy:53)
	at com.kms.katalon.core.webui.keyword.WebUiBuiltInKeywords.click(WebUiBuiltInKeywords.groovy:616)
	at com.kms.katalon.core.webui.keyword.WebUiBuiltInKeywords$click$1.call(Unknown Source)
	at URL Validation.run(URL Validation:51)
	at com.kms.katalon.core.main.ScriptEngine.run(ScriptEngine.java:194)
	at com.kms.katalon.core.main.ScriptEngine.runScriptAsRawText(ScriptEngine.java:119)
	at com.kms.katalon.core.main.TestCaseExecutor.runScript(TestCaseExecutor.java:328)
	at com.kms.katalon.core.main.TestCaseExecutor.doExecute(TestCaseExecutor.java:319)
	at com.kms.katalon.core.main.TestCaseExecutor.processExecutionPhase(TestCaseExecutor.java:298)
	at com.kms.katalon.core.main.TestCaseExecutor.accessMainPhase(TestCaseExecutor.java:290)
	at com.kms.katalon.core.main.TestCaseExecutor.execute(TestCaseExecutor.java:224)
	at com.kms.katalon.core.main.TestSuiteExecutor.accessTestCaseMainPhase(TestSuiteExecutor.java:129)
	at com.kms.katalon.core.main.TestSuiteExecutor.accessTestSuiteMainPhase(TestSuiteExecutor.java:112)
	at com.kms.katalon.core.main.TestSuiteExecutor.execute(TestSuiteExecutor.java:81)
	at com.kms.katalon.core.main.TestCaseMain.startTestSuite(TestCaseMain.java:149)
	at com.kms.katalon.core.main.TestCaseMain$startTestSuite$0.call(Unknown Source)
	at TempTestSuite1550486475203.run(TempTestSuite1550486475203.groovy:36)]]></system-err>
   </testsuite>
</testsuites>
